2025-08-07 04:58:25.176 [info] WARNING:pygls.protocol.json_rpc:Cancel notification for unknown message id "1"

2025-08-07 05:04:40.397 [info] WARNING:pygls.protocol.json_rpc:Cancel notification for unknown message id "8"

2025-08-07 05:04:47.949 [info] WARNING:pygls.protocol.json_rpc:Cancel notification for unknown message id "10"

2025-08-07 05:15:43.371 [info] WARNING:pygls.protocol.json_rpc:Cancel notification for unknown message id "19"

2025-08-07 05:17:19.881 [info] WARNING:pygls.protocol.json_rpc:Cancel notification for unknown message id "45"

2025-08-07 05:27:32.799 [info] WARNING:pygls.protocol.json_rpc:Cancel notification for unknown message id "62"

2025-08-07 05:28:44.111 [info] WARNING:pygls.protocol.json_rpc:Cancel notification for unknown message id "115"

2025-08-07 05:32:18.389 [info] WARNING:pygls.protocol.json_rpc:Cancel notification for unknown message id "171"

2025-08-07 06:21:03.393 [info] WARNING:pygls.protocol.json_rpc:Cancel notification for unknown message id "203"

2025-08-07 06:21:35.310 [info] WARNING:pygls.protocol.json_rpc:Cancel notification for unknown message id "208"

2025-08-07 06:21:43.793 [info] WARNING:pygls.protocol.json_rpc:Cancel notification for unknown message id "214"

2025-08-07 06:21:47.206 [info] ERROR:pygls.protocol.json_rpc:Failed to handle request 217 textDocument/hover HoverParams(text_document=TextDocumentIdentifier(uri='file:///home/ariel/diff_cleaner.py'), position=6:12, work_done_token=None)
Traceback (most recent call last):
  File "/google/devshell/editor/code-oss-for-cloud-shell/extensions/ms-python.python/python_files/lib/jedilsp/pygls/protocol/json_rpc.py", line 266, in _handle_request
    self._execute_request(msg_id, handler, params)
  File "/google/devshell/editor/code-oss-for-cloud-shell/extensions/ms-python.python/python_files/lib/jedilsp/pygls/protocol/json_rpc.py", line 188, in _execute_request
    self._send_response(msg_id, handler(params))
                                ^^^^^^^^^^^^^^^
  File "/google/devshell/editor/code-oss-for-cloud-shell/extensions/ms-python.python/python_files/lib/jedilsp/jedi_language_server/server.py", line 402, in hover
    hover_text = jedi_utils.hover_text(
                 ^^^^^^^^^^^^^^^^^^^^^^
  File "/google/devshell/editor/code-oss-for-cloud-shell/extensions/ms-python.python/python_files/lib/jedilsp/jedi_language_server/jedi_utils.py", line 657, in hover_text
    if _hover_ignore(name, initialization_options):
       ^^^^^^^^^^^^^^^^^^^^^^^^^^^^^^^^^^^^^^^^^^^
  File "/google/devshell/editor/code-oss-for-cloud-shell/extensions/ms-python.python/python_files/lib/jedilsp/jedi_language_server/jedi_utils.py", line 638, in _hover_ignore
    ignore_type: HoverDisableOptions = getattr(
                                       ^^^^^^^^
AttributeError: 'HoverDisable' object has no attribute 'namespace_'

2025-08-07 06:21:47.211 [info] [Error - 6:21:47 AM] Request textDocument/hover failed.
2025-08-07 06:21:47.211 [info]   Message: AttributeError: 'HoverDisable' object has no attribute 'namespace_'
  Code: -32603 
[object Object]
2025-08-07 06:43:53.349 [info] WARNING:pygls.protocol.json_rpc:Cancel notification for unknown message id "294"

2025-08-07 06:43:57.192 [info] WARNING:pygls.protocol.json_rpc:Cancel notification for unknown message id "308"

2025-08-07 06:53:24.880 [info] WARNING:pygls.protocol.json_rpc:Cancel notification for unknown message id "353"

2025-08-07 06:54:51.273 [info] WARNING:pygls.protocol.json_rpc:Cancel notification for unknown message id "377"

2025-08-07 06:54:52.246 [info] WARNING:pygls.protocol.json_rpc:Cancel notification for unknown message id "382"

2025-08-07 06:55:22.714 [info] WARNING:pygls.protocol.json_rpc:Cancel notification for unknown message id "408"

2025-08-07 07:57:28.623 [info] WARNING:pygls.protocol.json_rpc:Cancel notification for unknown message id "454"

2025-08-07 07:57:29.998 [info] WARNING:pygls.protocol.json_rpc:Cancel notification for unknown message id "457"

2025-08-07 07:57:52.918 [info] WARNING:pygls.protocol.json_rpc:Cancel notification for unknown message id "467"

