2025-08-07 03:41:16.811 [info] Extension host with pid 1599 started
2025-08-07 03:41:16.811 [error] Error: EEXIST: file already exists, open '/home/ariel/.codeoss/data/User/workspaceStorage/-42846b8c/vscode.lock'
2025-08-07 03:41:16.845 [info] Lock '/home/ariel/.codeoss/data/User/workspaceStorage/-42846b8c/vscode.lock': Could not acquire lock, checking if the file is stale.
2025-08-07 03:41:16.918 [info] ExtensionService#_doActivateExtension vscode.emmet, startup: false, activationEvent: 'onLanguage'
2025-08-07 03:41:17.041 [info] Lock '/home/ariel/.codeoss/data/User/workspaceStorage/-42846b8c/vscode.lock': The pid 1279 appears to be gone.
2025-08-07 03:41:17.042 [info] Lock '/home/ariel/.codeoss/data/User/workspaceStorage/-42846b8c/vscode.lock': Deleting a stale lock.
2025-08-07 03:41:17.068 [info] Lock '/home/ariel/.codeoss/data/User/workspaceStorage/-42846b8c/vscode.lock': Lock acquired.
2025-08-07 03:41:17.174 [info] ExtensionService#_doActivateExtension vscode.git-base, startup: true, activationEvent: '*', root cause: vscode.git
2025-08-07 03:41:17.230 [info] ExtensionService#_doActivateExtension vscode.git, startup: true, activationEvent: '*'
2025-08-07 03:41:17.231 [info] ExtensionService#_doActivateExtension vscode.github, startup: true, activationEvent: '*'
2025-08-07 03:41:17.612 [info] Eager extensions activated
2025-08-07 03:41:17.612 [info] ExtensionService#_doActivateExtension EditorConfig.EditorConfig, startup: false, activationEvent: 'onStartupFinished'
2025-08-07 03:41:17.613 [info] ExtensionService#_doActivateExtension google.cloud-shell, startup: false, activationEvent: 'onStartupFinished'
2025-08-07 03:41:17.613 [info] ExtensionService#_doActivateExtension google.geminicodeassist, startup: false, activationEvent: 'onStartupFinished', root cause: googlecloudtools.cloudcode
2025-08-07 03:41:17.614 [info] ExtensionService#_doActivateExtension vscode.debug-auto-launch, startup: false, activationEvent: 'onStartupFinished'
2025-08-07 03:41:17.614 [info] ExtensionService#_doActivateExtension vscode.merge-conflict, startup: false, activationEvent: 'onStartupFinished'
2025-08-07 03:41:19.829 [info] ExtensionService#_doActivateExtension vscode.configuration-editing, startup: false, activationEvent: 'onLanguage:jsonc'
2025-08-07 03:41:19.833 [info] ExtensionService#_doActivateExtension vscode.json-language-features, startup: false, activationEvent: 'onLanguage:jsonc'
2025-08-07 03:41:19.833 [info] ExtensionService#_doActivateExtension vscode.typescript-language-features, startup: false, activationEvent: 'onLanguage:jsonc'
2025-08-07 03:41:20.175 [info] ExtensionService#_doActivateExtension googlecloudtools.cloudcode, startup: false, activationEvent: 'onStartupFinished'
2025-08-07 03:43:21.359 [info] ExtensionService#_doActivateExtension ms-vscode.js-debug, startup: false, activationEvent: 'onDebugDynamicConfigurations'
2025-08-07 03:49:38.126 [info] ExtensionService#_doActivateExtension ms-python.python, startup: false, activationEvent: 'onLanguage:python'
2025-08-07 03:49:38.627 [error] Error: spawn /google/devshell/editor/code-oss-for-cloud-shell/extensions/ms-python.python/python-env-tools/bin/pet ENOENT
    at Process.ChildProcess._handle.onexit (node:internal/child_process:285:19)
    at onErrorNT (node:internal/child_process:483:16)
    at processTicksAndRejections (node:internal/process/task_queues:82:21)
2025-08-07 04:18:22.656 [info] Extension host terminating: received terminate message from renderer
2025-08-07 04:18:22.656 [info] Lock '/home/ariel/.codeoss/data/User/workspaceStorage/-42846b8c/vscode.lock': Marking the lockfile as scheduled to be released in 6000 ms.
2025-08-07 04:18:22.739 [error] Error: Channel has been closed
    at s (file:///google/devshell/editor/code-oss-for-cloud-shell/out/vs/workbench/api/node/extensionHostProcess.js:117:2431)
    at Object.append (file:///google/devshell/editor/code-oss-for-cloud-shell/out/vs/workbench/api/node/extensionHostProcess.js:117:2528)
    at t.FileLoggableOutputChannel.append (/google/devshell/editor/code-oss-for-cloud-shell/extensions/geminicodeassist/dist/webpack:/src/packages/utils/loggable_output_channel.ts:35:30)
    at Socket.<anonymous> (/google/devshell/editor/code-oss-for-cloud-shell/extensions/geminicodeassist/dist/webpack:/node_modules/vscode-languageclient/lib/node/main.js:430:80)
    at Socket.emit (node:events:518:28)
    at addChunk (node:internal/streams/readable:561:12)
    at readableAddChunkPushByteMode (node:internal/streams/readable:512:3)
    at Socket.Readable.push (node:internal/streams/readable:392:5)
    at Pipe.onStreamRead (node:internal/stream_base_commons:191:23)
2025-08-07 04:18:22.752 [error] Error: Channel has been closed
    at s (file:///google/devshell/editor/code-oss-for-cloud-shell/out/vs/workbench/api/node/extensionHostProcess.js:117:2431)
    at Object.append (file:///google/devshell/editor/code-oss-for-cloud-shell/out/vs/workbench/api/node/extensionHostProcess.js:117:2528)
    at t.FileLoggableOutputChannel.append (/google/devshell/editor/code-oss-for-cloud-shell/extensions/geminicodeassist/dist/webpack:/src/packages/utils/loggable_output_channel.ts:35:30)
    at Socket.<anonymous> (/google/devshell/editor/code-oss-for-cloud-shell/extensions/geminicodeassist/dist/webpack:/node_modules/vscode-languageclient/lib/node/main.js:430:80)
    at Socket.emit (node:events:518:28)
    at addChunk (node:internal/streams/readable:561:12)
    at readableAddChunkPushByteMode (node:internal/streams/readable:512:3)
    at Socket.Readable.push (node:internal/streams/readable:392:5)
    at Pipe.onStreamRead (node:internal/stream_base_commons:191:23)
2025-08-07 04:18:22.763 [error] Error: Channel has been closed
    at s (file:///google/devshell/editor/code-oss-for-cloud-shell/out/vs/workbench/api/node/extensionHostProcess.js:117:2431)
    at Object.appendLine (file:///google/devshell/editor/code-oss-for-cloud-shell/out/vs/workbench/api/node/extensionHostProcess.js:117:2570)
    at R.logOutputMessage (/google/devshell/editor/code-oss-for-cloud-shell/extensions/json-language-features/client/dist/node/jsonClientMain.js:2:316522)
    at R.info (/google/devshell/editor/code-oss-for-cloud-shell/extensions/json-language-features/client/dist/node/jsonClientMain.js:2:316255)
    at ChildProcess.<anonymous> (/google/devshell/editor/code-oss-for-cloud-shell/extensions/json-language-features/client/dist/node/jsonClientMain.js:2:540528)
    at ChildProcess.emit (node:events:518:28)
    at Process.ChildProcess._handle.onexit (node:internal/child_process:293:12)
2025-08-07 04:18:22.770 [info] Extension host with pid 1599 exiting with code 0
