Initializing document watcher...
Document watcher initialized
/User/settings.json: Using EditorConfig core...
/User/settings.json: Using EditorConfig core...
ariel/README-cloudshell.txt: {}
ariel/README-cloudshell.txt: {}
ariel/diff_cleaner.py: {}
ariel/diff_cleaner.py: {}
ariel/diff_cleaner.py: {}
ariel/diff_cleaner.py: {}
ariel/diff_cleaner.py: Using EditorConfig core...
ariel/diff_cleaner.py: {}
ariel/diff_cleaner.py: {}
ariel/diff_cleaner.py: {}
ariel/diff_cleaner.py: Using EditorConfig core...
ariel/diff_cleaner.py: Using EditorConfig core...
ariel/Dockerfile: {}
ariel/Dockerfile: {}
ariel/Dockerfile: {}
ariel/Dockerfile: Using EditorConfig core...
ariel/Dockerfile: {}
ariel/Dockerfile: Using EditorConfig core...
ariel/Dockerfile: {}
ariel/Dockerfile: Using EditorConfig core...
ariel/Dockerfile: {}
ariel/Dockerfile: Using EditorConfig core...
ariel/Dockerfile: Using EditorConfig core...
ariel/Dockerfile: {}
ariel/Dockerfile: Using EditorConfig core...
ariel/Dockerfile: Using EditorConfig core...
ariel/Dockerfile: Using EditorConfig core...
ariel/Dockerfile: {}
ariel/Dockerfile: Using EditorConfig core...
ariel/Dockerfile: {}
ariel/Dockerfile: {}
ariel/Dockerfile: {}
ariel/Dockerfile: Using EditorConfig core...
