Initializing document watcher...
Document watcher initialized
ariel/diff_cleaner.py: {}
ariel/diff_cleaner.py: {}
ariel/diff_cleaner.py: {}
ariel/cloudbuild-deploy.yaml: {}
ariel/cloudbuild.yaml: {}
ariel/cloudbuild-deploy.yaml: {}
ariel/diff_cleaner.py: {}
ariel/cloudbuild.yaml: {}
ariel/cloudbuild.yaml: {}
ariel/cloudbuild.yaml: {}
ariel/cloudbuild.yaml: {}
ariel/cloudbuild.yaml: Using EditorConfig core...
ariel/cloudbuild.yaml: Using EditorConfig core...
ariel/cloudbuild.yaml: {}
ariel/cloudbuild.yaml: Using EditorConfig core...
ariel/cloudbuild.yaml: {}
ariel/cloudbuild.yaml: {}
ariel/cloudbuild.yaml: {}
ariel/cloudbuild.yaml: {}
ariel/cloudbuild.yaml: {}
ariel/cloudbuild.yaml: {}
ariel/cloudbuild.yaml: {}
ariel/cloudbuild.yaml: Using EditorConfig core...
ariel/cloudbuild.yaml: {}
ariel/cloudbuild.yaml: {}
No more open editors.
ariel/Dockerfile: {}
ariel/Dockerfile: Using EditorConfig core...
ariel/requirements.txt: {}
ariel/Dockerfile: Using EditorConfig core...
ariel/cloudbuild.yaml: Using EditorConfig core...
ariel/requirements.txt: {}
ariel/cloudbuild.yaml: {}
ariel/cloudbuild.yaml: {}
ariel/cloudbuild.yaml: Using EditorConfig core...
ariel/cloudbuild.yaml: Using EditorConfig core...
ariel/cloudbuild.yaml: {}
ariel/cloudbuild.yaml: {}
ariel/cloudbuild.yaml: Using EditorConfig core...
ariel/cloudbuild.yaml: {}
ariel/cloudbuild.yaml: {}
ariel/cloudbuild.yaml: {}
ariel/cloudbuild.yaml: {}
ariel/cloudbuild.yaml: {}
ariel/cloudbuild.yaml: {}
ariel/cloudbuild.yaml: {}
ariel/diff_cleaner.py: {}
ariel/diff_cleaner.py: {}
ariel/diff_cleaner.py: {}
ariel/diff_cleaner.py: {}
ariel/diff_cleaner.py: {}
ariel/diff_cleaner.py: {}
ariel/diff_cleaner.py: {}
ariel/diff_cleaner.py: {}
ariel/diff_cleaner.py: {}
ariel/diff_cleaner.py: {}
ariel/diff_cleaner.py: {}
ariel/diff_cleaner.py: {}
ariel/diff_cleaner.py: {}
ariel/diff_cleaner.py: {}
ariel/diff_cleaner.py: {}
ariel/diff_cleaner.py: {}
ariel/diff_cleaner.py: {}
ariel/diff_cleaner.py: {}
ariel/diff_cleaner.py: {}
ariel/diff_cleaner.py: {}
ariel/diff_cleaner.py: {}
ariel/diff_cleaner.py: {}
ariel/diff_cleaner.py: {}
ariel/diff_cleaner.py: {}
ariel/Dockerfile: {}
ariel/Dockerfile: {}
ariel/Dockerfile: {}
ariel/run.sh: {}
ariel/run.sh: {}
ariel/run.sh: {}
ariel/run.sh: {}
ariel/run.sh: {}
ariel/run.sh: {}
ariel/run.sh: {}
ariel/run.sh: {}
ariel/run.sh: {}
ariel/run.sh: {}
ariel/run.sh: {}
ariel/run.sh: {}
ariel/run.sh: {}
ariel/run.sh: {}
ariel/run.sh: {}
