2025-08-11 22:44:43.424 [info] Reading sessions from keychain...
2025-08-11 22:44:43.424 [info] Getting sessions for all scopes...
2025-08-11 22:44:43.424 [info] Got 0 sessions for ...
2025-08-11 22:44:43.453 [info] Getting sessions for read:user,repo,user:email,workflow...
2025-08-11 22:44:43.453 [info] Got 0 sessions for read:user,repo,user:email,workflow...
2025-08-11 22:44:46.860 [info] Logging in with 'any' account...
2025-08-11 22:44:46.860 [info] Logging in for the following scopes: read:user repo user:email workflow
2025-08-11 22:44:46.928 [info] Trying device code flow... (read:user repo user:email workflow)
2025-08-11 22:45:15.693 [info] Getting user info...
2025-08-11 22:45:15.966 [info] Got account info!
2025-08-11 22:45:15.967 [info] Storing 1 sessions...
2025-08-11 22:45:16.004 [info] Reading sessions from keychain...
2025-08-11 22:45:16.004 [info] Stored 1 sessions!
2025-08-11 22:45:16.005 [info] Login success!
2025-08-11 22:45:16.042 [info] Got stored sessions!
2025-08-11 22:45:16.042 [info] Got 1 verified sessions.
2025-08-11 22:45:16.111 [info] Getting sessions for read:user,repo,user:email,workflow...
2025-08-11 22:45:16.111 [info] Got 1 sessions for read:user,repo,user:email,workflow...
2025-08-11 22:45:16.883 [info] Getting sessions for read:user,repo,user:email,workflow...
2025-08-11 22:45:16.883 [info] Got 1 sessions for read:user,repo,user:email,workflow...
