2025-08-07 19:25:58.135 [info] WARNING:pygls.protocol.json_rpc:Cancel notification for unknown message id "5"

2025-08-07 20:43:22.850 [info] WARNING:pygls.protocol.json_rpc:Cancel notification for unknown message id "15"

2025-08-07 20:58:41.308 [info] ERROR:pygls.protocol.json_rpc:Failed to handle request 20 textDocument/hover HoverParams(text_document=TextDocumentIdentifier(uri='file:///home/ariel/diff_cleaner.py'), position=6:10, work_done_token=None)
Traceback (most recent call last):
  File "/google/devshell/editor/code-oss-for-cloud-shell/extensions/ms-python.python/python_files/lib/jedilsp/pygls/protocol/json_rpc.py", line 266, in _handle_request
    self._execute_request(msg_id, handler, params)
  File "/google/devshell/editor/code-oss-for-cloud-shell/extensions/ms-python.python/python_files/lib/jedilsp/pygls/protocol/json_rpc.py", line 188, in _execute_request
    self._send_response(msg_id, handler(params))
                                ^^^^^^^^^^^^^^^
  File "/google/devshell/editor/code-oss-for-cloud-shell/extensions/ms-python.python/python_files/lib/jedilsp/jedi_language_server/server.py", line 402, in hover
    hover_text = jedi_utils.hover_text(
                 ^^^^^^^^^^^^^^^^^^^^^^
  File "/google/devshell/editor/code-oss-for-cloud-shell/extensions/ms-python.python/python_files/lib/jedilsp/jedi_language_server/jedi_utils.py", line 657, in hover_text
    if _hover_ignore(name, initialization_options):
       ^^^^^^^^^^^^^^^^^^^^^^^^^^^^^^^^^^^^^^^^^^^
  File "/google/devshell/editor/code-oss-for-cloud-shell/extensions/ms-python.python/python_files/lib/jedilsp/jedi_language_server/jedi_utils.py", line 638, in _hover_ignore
    ignore_type: HoverDisableOptions = getattr(
                                       ^^^^^^^^
AttributeError: 'HoverDisable' object has no attribute 'namespace_'

2025-08-07 20:58:41.336 [info] [Error - 8:58:41 PM] Request textDocument/hover failed.
2025-08-07 20:58:41.337 [info]   Message: AttributeError: 'HoverDisable' object has no attribute 'namespace_'
  Code: -32603 
[object Object]
2025-08-07 20:58:43.470 [info] WARNING:pygls.protocol.json_rpc:Cancel notification for unknown message id "21"

