2025-08-07 03:41:19.621 [info] [main] Log level: Info
2025-08-07 03:41:19.621 [info] [main] Validating found git in: "git"
2025-08-07 03:41:19.621 [info] [main] Using git "2.43.0" from "git"
2025-08-07 03:41:19.621 [info] [Model][doInitialScan] Initial repository scan started
2025-08-07 03:41:19.621 [info] > git rev-parse --show-toplevel [14ms]
2025-08-07 03:41:19.621 [info] fatal: not a git repository (or any parent up to mount point /)
Stopping at filesystem boundary (GIT_DISCOVERY_ACROSS_FILESYSTEM not set).
2025-08-07 03:41:19.627 [info] > git rev-parse --show-toplevel [2ms]
2025-08-07 03:41:19.627 [info] fatal: not a git repository (or any parent up to mount point /)
Stopping at filesystem boundary (GIT_DISCOVERY_ACROSS_FILESYSTEM not set).
2025-08-07 03:41:19.633 [info] > git rev-parse --show-toplevel [2ms]
2025-08-07 03:41:19.633 [info] fatal: not a git repository (or any parent up to mount point /)
Stopping at filesystem boundary (GIT_DISCOVERY_ACROSS_FILESYSTEM not set).
2025-08-07 03:41:19.638 [info] > git rev-parse --show-toplevel [2ms]
2025-08-07 03:41:19.638 [info] fatal: not a git repository (or any parent up to mount point /)
Stopping at filesystem boundary (GIT_DISCOVERY_ACROSS_FILESYSTEM not set).
2025-08-07 03:41:19.643 [info] > git rev-parse --show-toplevel [2ms]
2025-08-07 03:41:19.643 [info] fatal: not a git repository (or any parent up to mount point /)
Stopping at filesystem boundary (GIT_DISCOVERY_ACROSS_FILESYSTEM not set).
2025-08-07 03:41:19.748 [info] > git rev-parse --show-toplevel [102ms]
2025-08-07 03:41:19.748 [info] fatal: not a git repository (or any parent up to mount point /)
Stopping at filesystem boundary (GIT_DISCOVERY_ACROSS_FILESYSTEM not set).
2025-08-07 03:41:19.760 [info] > git rev-parse --show-toplevel [8ms]
2025-08-07 03:41:19.760 [info] fatal: not a git repository (or any parent up to mount point /)
Stopping at filesystem boundary (GIT_DISCOVERY_ACROSS_FILESYSTEM not set).
2025-08-07 03:41:20.164 [info] > git rev-parse --show-toplevel [383ms]
2025-08-07 03:41:20.164 [info] fatal: not a git repository (or any parent up to mount point /)
Stopping at filesystem boundary (GIT_DISCOVERY_ACROSS_FILESYSTEM not set).
2025-08-07 03:41:20.164 [info] [Model][doInitialScan] Initial repository scan completed - repositories (0), closed repositories (0), parent repositories (0), unsafe repositories (0)
2025-08-07 03:41:22.718 [info] > git rev-parse --show-toplevel [6ms]
2025-08-07 03:41:22.719 [info] fatal: not a git repository (or any parent up to mount point /)
Stopping at filesystem boundary (GIT_DISCOVERY_ACROSS_FILESYSTEM not set).
2025-08-07 03:44:02.057 [info] > git rev-parse --show-toplevel [19ms]
2025-08-07 03:44:02.057 [info] fatal: not a git repository (or any parent up to mount point /)
Stopping at filesystem boundary (GIT_DISCOVERY_ACROSS_FILESYSTEM not set).
2025-08-07 03:47:54.400 [info] > git rev-parse --show-toplevel [4ms]
2025-08-07 03:47:54.400 [info] fatal: not a git repository (or any parent up to mount point /)
Stopping at filesystem boundary (GIT_DISCOVERY_ACROSS_FILESYSTEM not set).
2025-08-07 03:49:38.524 [info] > git rev-parse --show-toplevel [4ms]
2025-08-07 03:49:38.524 [info] fatal: not a git repository (or any parent up to mount point /)
Stopping at filesystem boundary (GIT_DISCOVERY_ACROSS_FILESYSTEM not set).
2025-08-07 03:52:52.954 [info] > git rev-parse --show-toplevel [5ms]
2025-08-07 03:52:52.954 [info] fatal: not a git repository (or any parent up to mount point /)
Stopping at filesystem boundary (GIT_DISCOVERY_ACROSS_FILESYSTEM not set).
