2025-08-07 04:57:09.327 [info] [main] Log level: Info
2025-08-07 04:57:09.327 [info] [main] Validating found git in: "git"
2025-08-07 04:57:09.327 [info] [main] Using git "2.43.0" from "git"
2025-08-07 04:57:09.327 [info] [Model][doInitialScan] Initial repository scan started
2025-08-07 04:57:09.327 [info] > git rev-parse --show-toplevel [131ms]
2025-08-07 04:57:09.327 [info] fatal: not a git repository (or any parent up to mount point /)
Stopping at filesystem boundary (GIT_DISCOVERY_ACROSS_FILESYSTEM not set).
2025-08-07 04:57:09.327 [info] > git rev-parse --show-toplevel [51ms]
2025-08-07 04:57:09.327 [info] fatal: not a git repository (or any parent up to mount point /)
Stopping at filesystem boundary (GIT_DISCOVERY_ACROSS_FILESYSTEM not set).
2025-08-07 04:57:09.440 [info] > git rev-parse --show-toplevel [103ms]
2025-08-07 04:57:09.440 [info] fatal: not a git repository (or any parent up to mount point /)
Stopping at filesystem boundary (GIT_DISCOVERY_ACROSS_FILESYSTEM not set).
2025-08-07 04:57:09.926 [info] > git rev-parse --show-toplevel [196ms]
2025-08-07 04:57:09.926 [info] fatal: not a git repository (or any parent up to mount point /)
Stopping at filesystem boundary (GIT_DISCOVERY_ACROSS_FILESYSTEM not set).
2025-08-07 04:57:09.953 [info] > git rev-parse --show-toplevel [18ms]
2025-08-07 04:57:09.953 [info] fatal: not a git repository (or any parent up to mount point /)
Stopping at filesystem boundary (GIT_DISCOVERY_ACROSS_FILESYSTEM not set).
2025-08-07 04:57:09.981 [info] > git rev-parse --show-toplevel [19ms]
2025-08-07 04:57:09.981 [info] fatal: not a git repository (or any parent up to mount point /)
Stopping at filesystem boundary (GIT_DISCOVERY_ACROSS_FILESYSTEM not set).
2025-08-07 04:57:10.016 [info] > git rev-parse --show-toplevel [4ms]
2025-08-07 04:57:10.018 [info] fatal: not a git repository (or any parent up to mount point /)
Stopping at filesystem boundary (GIT_DISCOVERY_ACROSS_FILESYSTEM not set).
2025-08-07 04:57:10.041 [info] > git rev-parse --show-toplevel [9ms]
2025-08-07 04:57:10.041 [info] fatal: not a git repository (or any parent up to mount point /)
Stopping at filesystem boundary (GIT_DISCOVERY_ACROSS_FILESYSTEM not set).
2025-08-07 04:57:10.063 [info] > git rev-parse --show-toplevel [6ms]
2025-08-07 04:57:10.063 [info] fatal: not a git repository (or any parent up to mount point /)
Stopping at filesystem boundary (GIT_DISCOVERY_ACROSS_FILESYSTEM not set).
2025-08-07 04:57:10.085 [info] > git rev-parse --show-toplevel [3ms]
2025-08-07 04:57:10.085 [info] fatal: not a git repository (or any parent up to mount point /)
Stopping at filesystem boundary (GIT_DISCOVERY_ACROSS_FILESYSTEM not set).
2025-08-07 04:57:10.086 [info] [Model][doInitialScan] Initial repository scan completed - repositories (0), closed repositories (0), parent repositories (0), unsafe repositories (0)
2025-08-07 04:58:24.891 [info] > git rev-parse --show-toplevel [15ms]
2025-08-07 04:58:24.891 [info] fatal: not a git repository (or any parent up to mount point /)
Stopping at filesystem boundary (GIT_DISCOVERY_ACROSS_FILESYSTEM not set).
2025-08-07 04:58:25.839 [info] > git rev-parse --show-toplevel [3ms]
2025-08-07 04:58:25.839 [info] fatal: not a git repository (or any parent up to mount point /)
Stopping at filesystem boundary (GIT_DISCOVERY_ACROSS_FILESYSTEM not set).
2025-08-07 04:58:26.631 [info] > git rev-parse --show-toplevel [3ms]
2025-08-07 04:58:26.631 [info] fatal: not a git repository (or any parent up to mount point /)
Stopping at filesystem boundary (GIT_DISCOVERY_ACROSS_FILESYSTEM not set).
2025-08-07 05:03:19.539 [info] > git rev-parse --show-toplevel [3ms]
2025-08-07 05:03:19.539 [info] fatal: not a git repository (or any parent up to mount point /)
Stopping at filesystem boundary (GIT_DISCOVERY_ACROSS_FILESYSTEM not set).
2025-08-07 05:04:39.012 [info] > git rev-parse --show-toplevel [5ms]
2025-08-07 05:04:39.012 [info] fatal: not a git repository (or any parent up to mount point /)
Stopping at filesystem boundary (GIT_DISCOVERY_ACROSS_FILESYSTEM not set).
2025-08-07 05:05:11.967 [info] > git rev-parse --show-toplevel [3ms]
2025-08-07 05:05:11.967 [info] fatal: not a git repository (or any parent up to mount point /)
Stopping at filesystem boundary (GIT_DISCOVERY_ACROSS_FILESYSTEM not set).
2025-08-07 05:12:20.727 [info] > git rev-parse --show-toplevel [14ms]
2025-08-07 05:12:20.727 [info] fatal: not a git repository (or any parent up to mount point /)
Stopping at filesystem boundary (GIT_DISCOVERY_ACROSS_FILESYSTEM not set).
2025-08-07 05:14:02.948 [info] > git rev-parse --show-toplevel [4ms]
2025-08-07 05:14:02.948 [info] fatal: not a git repository (or any parent up to mount point /)
Stopping at filesystem boundary (GIT_DISCOVERY_ACROSS_FILESYSTEM not set).
2025-08-07 05:14:05.152 [info] > git rev-parse --show-toplevel [7ms]
2025-08-07 05:14:05.152 [info] fatal: not a git repository (or any parent up to mount point /)
Stopping at filesystem boundary (GIT_DISCOVERY_ACROSS_FILESYSTEM not set).
2025-08-07 05:14:32.581 [info] > git rev-parse --show-toplevel [2ms]
2025-08-07 05:14:32.581 [info] fatal: not a git repository (or any parent up to mount point /)
Stopping at filesystem boundary (GIT_DISCOVERY_ACROSS_FILESYSTEM not set).
2025-08-07 05:14:33.514 [info] > git rev-parse --show-toplevel [5ms]
2025-08-07 05:14:33.514 [info] fatal: not a git repository (or any parent up to mount point /)
Stopping at filesystem boundary (GIT_DISCOVERY_ACROSS_FILESYSTEM not set).
2025-08-07 05:14:34.164 [info] > git rev-parse --show-toplevel [7ms]
2025-08-07 05:14:34.164 [info] fatal: not a git repository (or any parent up to mount point /)
Stopping at filesystem boundary (GIT_DISCOVERY_ACROSS_FILESYSTEM not set).
2025-08-07 05:17:06.765 [info] > git rev-parse --show-toplevel [4ms]
2025-08-07 05:17:06.765 [info] fatal: not a git repository (or any parent up to mount point /)
Stopping at filesystem boundary (GIT_DISCOVERY_ACROSS_FILESYSTEM not set).
2025-08-07 05:17:08.067 [info] > git rev-parse --show-toplevel [4ms]
2025-08-07 05:17:08.067 [info] fatal: not a git repository (or any parent up to mount point /)
Stopping at filesystem boundary (GIT_DISCOVERY_ACROSS_FILESYSTEM not set).
2025-08-07 05:22:16.773 [info] > git rev-parse --show-toplevel [13ms]
2025-08-07 05:22:16.773 [info] fatal: not a git repository (or any parent up to mount point /)
Stopping at filesystem boundary (GIT_DISCOVERY_ACROSS_FILESYSTEM not set).
2025-08-07 05:27:24.950 [info] > git rev-parse --show-toplevel [3ms]
2025-08-07 05:27:24.950 [info] fatal: not a git repository (or any parent up to mount point /)
Stopping at filesystem boundary (GIT_DISCOVERY_ACROSS_FILESYSTEM not set).
2025-08-07 05:27:27.409 [info] > git rev-parse --show-toplevel [3ms]
2025-08-07 05:27:27.409 [info] fatal: not a git repository (or any parent up to mount point /)
Stopping at filesystem boundary (GIT_DISCOVERY_ACROSS_FILESYSTEM not set).
2025-08-07 05:31:37.588 [info] > git rev-parse --show-toplevel [2ms]
2025-08-07 05:31:37.588 [info] fatal: not a git repository (or any parent up to mount point /)
Stopping at filesystem boundary (GIT_DISCOVERY_ACROSS_FILESYSTEM not set).
2025-08-07 05:31:39.565 [info] > git rev-parse --show-toplevel [3ms]
2025-08-07 05:31:39.565 [info] fatal: not a git repository (or any parent up to mount point /)
Stopping at filesystem boundary (GIT_DISCOVERY_ACROSS_FILESYSTEM not set).
2025-08-07 05:31:40.442 [info] > git rev-parse --show-toplevel [3ms]
2025-08-07 05:31:40.442 [info] fatal: not a git repository (or any parent up to mount point /)
Stopping at filesystem boundary (GIT_DISCOVERY_ACROSS_FILESYSTEM not set).
2025-08-07 05:31:42.181 [info] > git rev-parse --show-toplevel [3ms]
2025-08-07 05:31:42.181 [info] fatal: not a git repository (or any parent up to mount point /)
Stopping at filesystem boundary (GIT_DISCOVERY_ACROSS_FILESYSTEM not set).
2025-08-07 05:31:43.275 [info] > git rev-parse --show-toplevel [3ms]
2025-08-07 05:31:43.275 [info] fatal: not a git repository (or any parent up to mount point /)
Stopping at filesystem boundary (GIT_DISCOVERY_ACROSS_FILESYSTEM not set).
2025-08-07 05:31:49.896 [info] > git rev-parse --show-toplevel [2ms]
2025-08-07 05:31:49.896 [info] fatal: not a git repository (or any parent up to mount point /)
Stopping at filesystem boundary (GIT_DISCOVERY_ACROSS_FILESYSTEM not set).
2025-08-07 05:31:50.971 [info] > git rev-parse --show-toplevel [4ms]
2025-08-07 05:31:50.971 [info] fatal: not a git repository (or any parent up to mount point /)
Stopping at filesystem boundary (GIT_DISCOVERY_ACROSS_FILESYSTEM not set).
2025-08-07 06:21:53.351 [info] > git rev-parse --show-toplevel [4ms]
2025-08-07 06:21:53.351 [info] fatal: not a git repository (or any parent up to mount point /)
Stopping at filesystem boundary (GIT_DISCOVERY_ACROSS_FILESYSTEM not set).
2025-08-07 06:21:55.923 [info] > git rev-parse --show-toplevel [3ms]
2025-08-07 06:21:55.923 [info] fatal: not a git repository (or any parent up to mount point /)
Stopping at filesystem boundary (GIT_DISCOVERY_ACROSS_FILESYSTEM not set).
2025-08-07 06:21:59.701 [info] > git rev-parse --show-toplevel [2ms]
2025-08-07 06:21:59.701 [info] fatal: not a git repository (or any parent up to mount point /)
Stopping at filesystem boundary (GIT_DISCOVERY_ACROSS_FILESYSTEM not set).
2025-08-07 06:22:00.618 [info] > git rev-parse --show-toplevel [4ms]
2025-08-07 06:22:00.618 [info] fatal: not a git repository (or any parent up to mount point /)
Stopping at filesystem boundary (GIT_DISCOVERY_ACROSS_FILESYSTEM not set).
2025-08-07 06:22:01.902 [info] > git rev-parse --show-toplevel [4ms]
2025-08-07 06:22:01.902 [info] fatal: not a git repository (or any parent up to mount point /)
Stopping at filesystem boundary (GIT_DISCOVERY_ACROSS_FILESYSTEM not set).
2025-08-07 06:45:22.359 [info] > git rev-parse --show-toplevel [3ms]
2025-08-07 06:45:22.359 [info] fatal: not a git repository (or any parent up to mount point /)
Stopping at filesystem boundary (GIT_DISCOVERY_ACROSS_FILESYSTEM not set).
2025-08-07 06:45:23.905 [info] > git rev-parse --show-toplevel [3ms]
2025-08-07 06:45:23.905 [info] fatal: not a git repository (or any parent up to mount point /)
Stopping at filesystem boundary (GIT_DISCOVERY_ACROSS_FILESYSTEM not set).
2025-08-07 06:45:25.785 [info] > git rev-parse --show-toplevel [4ms]
2025-08-07 06:45:25.786 [info] fatal: not a git repository (or any parent up to mount point /)
Stopping at filesystem boundary (GIT_DISCOVERY_ACROSS_FILESYSTEM not set).
2025-08-07 07:03:23.904 [info] > git rev-parse --show-toplevel [5ms]
2025-08-07 07:03:23.904 [info] fatal: not a git repository (or any parent up to mount point /)
Stopping at filesystem boundary (GIT_DISCOVERY_ACROSS_FILESYSTEM not set).
2025-08-07 07:03:52.337 [info] > git rev-parse --show-toplevel [6ms]
2025-08-07 07:03:52.337 [info] fatal: not a git repository (or any parent up to mount point /)
Stopping at filesystem boundary (GIT_DISCOVERY_ACROSS_FILESYSTEM not set).
2025-08-07 07:03:54.502 [info] > git rev-parse --show-toplevel [4ms]
2025-08-07 07:03:54.502 [info] fatal: not a git repository (or any parent up to mount point /)
Stopping at filesystem boundary (GIT_DISCOVERY_ACROSS_FILESYSTEM not set).
2025-08-07 07:03:57.022 [info] > git rev-parse --show-toplevel [5ms]
2025-08-07 07:03:57.022 [info] fatal: not a git repository (or any parent up to mount point /)
Stopping at filesystem boundary (GIT_DISCOVERY_ACROSS_FILESYSTEM not set).
2025-08-07 07:04:00.106 [info] > git rev-parse --show-toplevel [17ms]
2025-08-07 07:04:00.106 [info] fatal: not a git repository (or any parent up to mount point /)
Stopping at filesystem boundary (GIT_DISCOVERY_ACROSS_FILESYSTEM not set).
2025-08-07 07:04:01.901 [info] > git rev-parse --show-toplevel [2ms]
2025-08-07 07:04:01.901 [info] fatal: not a git repository (or any parent up to mount point /)
Stopping at filesystem boundary (GIT_DISCOVERY_ACROSS_FILESYSTEM not set).
2025-08-07 07:04:41.595 [info] > git rev-parse --show-toplevel [6ms]
2025-08-07 07:04:41.595 [info] fatal: not a git repository (or any parent up to mount point /)
Stopping at filesystem boundary (GIT_DISCOVERY_ACROSS_FILESYSTEM not set).
2025-08-07 07:04:58.596 [info] > git rev-parse --show-toplevel [3ms]
2025-08-07 07:04:58.596 [info] fatal: not a git repository (or any parent up to mount point /)
Stopping at filesystem boundary (GIT_DISCOVERY_ACROSS_FILESYSTEM not set).
2025-08-07 07:07:13.737 [info] > git rev-parse --show-toplevel [8ms]
2025-08-07 07:07:13.737 [info] fatal: not a git repository (or any parent up to mount point /)
Stopping at filesystem boundary (GIT_DISCOVERY_ACROSS_FILESYSTEM not set).
2025-08-07 07:56:33.401 [info] > git rev-parse --show-toplevel [5ms]
2025-08-07 07:56:33.401 [info] fatal: not a git repository (or any parent up to mount point /)
Stopping at filesystem boundary (GIT_DISCOVERY_ACROSS_FILESYSTEM not set).
2025-08-07 07:56:40.104 [info] > git rev-parse --show-toplevel [7ms]
2025-08-07 07:56:40.104 [info] fatal: not a git repository (or any parent up to mount point /)
Stopping at filesystem boundary (GIT_DISCOVERY_ACROSS_FILESYSTEM not set).
