2025-08-07 03:49:38.837 [warning] Dir "/home/ariel/.pixi/envs" is not watchable (directory does not exist)
2025-08-07 03:49:38.837 [info] Starting Environment refresh
2025-08-07 03:49:38.837 [info] Searching for interpreters in posix paths locator
2025-08-07 03:49:38.837 [info] Searching for pyenv environments
2025-08-07 03:49:38.837 [info] Searching for conda environments
2025-08-07 03:49:38.837 [info] Searching for global virtual environments
2025-08-07 03:49:38.837 [info] Searching for custom virtual environments
2025-08-07 03:49:38.837 [info] pyenv is not installed
2025-08-07 03:49:38.837 [info] Finished searching for pyenv environments: 19 milliseconds
2025-08-07 03:49:38.837 [info] Finished searching for custom virtual envs: 19 milliseconds
2025-08-07 03:49:38.837 [info] > conda info --json
2025-08-07 03:49:38.837 [info] > hatch env show --json
2025-08-07 03:49:38.837 [info] cwd: .
2025-08-07 03:49:38.837 [info] > pyenv which python
2025-08-07 03:49:38.837 [info] cwd: .
2025-08-07 03:49:38.837 [info] Finished searching for global virtual envs: 59 milliseconds
2025-08-07 03:49:38.840 [info] Found: /bin/python --> /bin/python3.12
2025-08-07 03:49:38.842 [info] Found: /bin/python3 --> /bin/python3.12
2025-08-07 03:49:38.844 [info] Found: /bin/python3.12 --> /bin/python3.12
2025-08-07 03:49:38.867 [info] Found: /usr/bin/python --> /usr/bin/python3.12
2025-08-07 03:49:38.867 [info] Found: /usr/bin/python3 --> /usr/bin/python3.12
2025-08-07 03:49:38.867 [info] Found: /usr/bin/python3.12 --> /usr/bin/python3.12
2025-08-07 03:49:38.921 [info] Finished searching for interpreters in posix paths locator: 190 milliseconds
2025-08-07 03:49:38.921 [info] > /bin/python -I /google/devshell/editor/code-oss-for-cloud-shell/extensions/ms-python.python/python_files/get_output_via_markers.py /google/devshell/editor/code-oss-for-cloud-shell/extensions/ms-python.python/python_files/interpreterInfo.py
2025-08-07 03:49:38.945 [info] > /usr/bin/python -I /google/devshell/editor/code-oss-for-cloud-shell/extensions/ms-python.python/python_files/get_output_via_markers.py /google/devshell/editor/code-oss-for-cloud-shell/extensions/ms-python.python/python_files/interpreterInfo.py
2025-08-07 03:49:38.945 [info] Environments refresh paths discovered (event): 225 milliseconds
2025-08-07 03:49:38.946 [info] Environments refresh paths discovered: 226 milliseconds
2025-08-07 03:49:39.038 [info] Environments refresh finished (event): 318 milliseconds
2025-08-07 03:49:39.051 [info] Environment refresh took 330 milliseconds
2025-08-07 03:49:39.068 [info] Python interpreter path: /bin/python
2025-08-07 03:49:42.950 [info] Starting Jedi language server for ariel.
2025-08-07 03:50:45.181 [info] Discover tests for workspace name: ariel - uri: /home/ariel/diff_cleaner.py
2025-08-07 03:52:04.605 [info] Discover tests for workspace name: ariel - uri: /home/ariel/diff_cleaner.py
2025-08-07 03:52:17.800 [info] Discover tests for workspace name: ariel - uri: /home/ariel/diff_cleaner.py
