Initializing document watcher...
Document watcher initialized
ariel/diff_cleaner.py: {}
ariel/Dockerfile: {}
ariel/Dockerfile: {}
ariel/Dockerfile: {}
ariel/Dockerfile: Using EditorConfig core...
ariel/Dockerfile: Using EditorConfig core...
ariel/Dockerfile: {}
ariel/Dockerfile: Using EditorConfig core...
ariel/diff_cleaner.py: {}
ariel/README-cloudshell.txt: {}
ariel/diff_cleaner.py: {}
ariel/diff_cleaner.py: {}
ariel/diff_cleaner.py: {}
ariel/diff_cleaner.py: {}
ariel/diff_cleaner.py: {}
ariel/Dockerfile: {}
ariel/Dockerfile: {}
ariel/Dockerfile: {}
ariel/diff_cleaner.py: {}
ariel/diff_cleaner.py: {}
ariel/Dockerfile: {}
ariel/Dockerfile: Using EditorConfig core...
ariel/Dockerfile: {}
ariel/Dockerfile: {}
ariel/Dockerfile: Using EditorConfig core...
ariel/Dockerfile: Using EditorConfig core...
ariel/home/ariel/requirements.txt: {}
ariel/Dockerfile: {}
ariel/Dockerfile: Using EditorConfig core...
ariel/Dockerfile: {}
ariel/Dockerfile: Using EditorConfig core...
ariel/Dockerfile: {}
ariel/home/ariel/requirements.txt: {}
ariel/Dockerfile: {}
ariel/home/ariel/requirements.txt: {}
ariel/diff_cleaner.py: {}
ariel/diff_cleaner.py: {}
ariel/diff_cleaner.py: {}
ariel/README-cloudshell.txt: {}
ariel/Dockerfile: {}
ariel/diff_cleaner.py: {}
ariel/diff_cleaner.py: {}
ariel/diff_cleaner.py: Using EditorConfig core...
ariel/diff_cleaner.py: {}
ariel/diff_cleaner.py: {}
ariel/diff_cleaner.py: {}
ariel/diff_cleaner.py: {}
ariel/home/ariel/requirements.txt: {}
ariel/home/ariel/requirements.txt: {}
ariel/Dockerfile: {}
ariel/diff_cleaner.py: {}
ariel/diff_cleaner.py: {}
ariel/diff_cleaner.py: {}
ariel/diff_cleaner.py: {}
ariel/home/ariel/requirements.txt: {}
ariel/home/ariel/requirements.txt: {}
ariel/requirements.txt: Using EditorConfig core...
ariel/requirements.txt: {}
ariel/requirements.txt: {}
ariel/requirements.txt: {}
ariel/Dockerfile: {}
ariel/Dockerfile: {}
ariel/diff_cleaner.py: {}
ariel/diff_cleaner.py: {}
ariel/diff_cleaner.py: Using EditorConfig core...
ariel/diff_cleaner.py: Using EditorConfig core...
ariel/diff_cleaner.py: Using EditorConfig core...
ariel/diff_cleaner.py: Using EditorConfig core...
ariel/diff_cleaner.py: Using EditorConfig core...
ariel/diff_cleaner.py: {}
ariel/diff_cleaner.py: {}
ariel/Dockerfile: {}
ariel/requirements.txt: {}
ariel/diff_cleaner.py: {}
ariel/Dockerfile: {}
ariel/diff_cleaner.py: {}
ariel/Dockerfile: {}
ariel/diff_cleaner.py: {}
ariel/diff_cleaner.py: Using EditorConfig core...
ariel/diff_cleaner.py: {}
ariel/diff_cleaner.py: {}
ariel/diff_cleaner.py: {}
ariel/diff_cleaner.py: {}
ariel/diff_cleaner.py: {}
ariel/diff_cleaner.py: {}
ariel/diff_cleaner.py: {}
ariel/diff_cleaner.py: {}
ariel/diff_cleaner.py: {}
ariel/Dockerfile: {}
ariel/requirements.txt: {}
ariel/README-cloudshell.txt: {}
ariel/Dockerfile: {}
ariel/diff_cleaner.py: {}
ariel/diff_cleaner.py: {}
ariel/diff_cleaner.py: Using EditorConfig core...
ariel/diff_cleaner.py: Using EditorConfig core...
ariel/diff_cleaner.py: {}
ariel/diff_cleaner.py: {}
ariel/diff_cleaner.py: Using EditorConfig core...
ariel/diff_cleaner.py: {}
ariel/diff_cleaner.py: Using EditorConfig core...
ariel/diff_cleaner.py: {}
ariel/diff_cleaner.py: {}
ariel/diff_cleaner.py: Using EditorConfig core...
ariel/diff_cleaner.py: Using EditorConfig core...
ariel/diff_cleaner.py: {}
ariel/requirements.txt: {}
ariel/requirements.txt: {}
ariel/Dockerfile: {}
ariel/diff_cleaner.py: {}
ariel/diff_cleaner.py: Using EditorConfig core...
ariel/diff_cleaner.py: {}
ariel/diff_cleaner.py: {}
ariel/diff_cleaner.py: {}
ariel/diff_cleaner.py: Using EditorConfig core...
ariel/diff_cleaner.py: {}
ariel/diff_cleaner.py: {}
ariel/diff_cleaner.py: Using EditorConfig core...
ariel/diff_cleaner.py: {}
ariel/diff_cleaner.py: {}
ariel/diff_cleaner.py: Using EditorConfig core...
ariel/diff_cleaner.py: {}
ariel/diff_cleaner.py: {}
ariel/diff_cleaner.py: {}
ariel/diff_cleaner.py: Using EditorConfig core...
ariel/diff_cleaner.py: Using EditorConfig core...
ariel/diff_cleaner.py: Using EditorConfig core...
ariel/diff_cleaner.py: Using EditorConfig core...
ariel/diff_cleaner.py: Using EditorConfig core...
ariel/diff_cleaner.py: Using EditorConfig core...
ariel/diff_cleaner.py: {}
ariel/Dockerfile: {}
ariel/home/ariel/cloudbuild.yaml: {}
ariel/Dockerfile: Using EditorConfig core...
ariel/requirements.txt: {}
ariel/requirements.txt: {}
ariel/home/ariel/cloudbuild.yaml: {}
ariel/Dockerfile: {}
ariel/diff_cleaner.py: {}
ariel/Dockerfile: {}
ariel/diff_cleaner.py: {}
ariel/diff_cleaner.py: Using EditorConfig core...
ariel/home/ariel/cloudbuild.yaml: {}
ariel/cloudbuild.yaml: Using EditorConfig core...
ariel/cloudbuild.yaml: {}
ariel/diff_cleaner.py: {}
ariel/diff_cleaner.py: {}
ariel/cloudbuild.yaml: {}
ariel/cloudbuild.yaml: Using EditorConfig core...
ariel/cloudbuild.yaml: {}
ariel/cloudbuild.yaml: {}
ariel/cloudbuild.yaml: {}
ariel/cloudbuild.yaml: {}
ariel/cloudbuild.yaml: {}
ariel/cloudbuild.yaml: Using EditorConfig core...
ariel/cloudbuild.yaml: {}
ariel/cloudbuild.yaml: {}
ariel/cloudbuild.yaml: Using EditorConfig core...
ariel/cloudbuild.yaml: {}
ariel/cloudbuild.yaml: {}
ariel/cloudbuild.yaml: {}
ariel/cloudbuild.yaml: {}
ariel/cloudbuild.yaml: {}
ariel/cloudbuild.yaml: {}
ariel/cloudbuild.yaml: Using EditorConfig core...
ariel/cloudbuild.yaml: {}
ariel/cloudbuild.yaml: {}
ariel/cloudbuild.yaml: {}
ariel/cloudbuild.yaml: {}
ariel/cloudbuild.yaml: Using EditorConfig core...
ariel/cloudbuild.yaml: {}
ariel/cloudbuild.yaml: {}
ariel/cloudbuild.yaml: {}
ariel/cloudbuild.yaml: {}
ariel/cloudbuild.yaml: Using EditorConfig core...
ariel/cloudbuild.yaml: {}
ariel/cloudbuild.yaml: Using EditorConfig core...
ariel/cloudbuild.yaml: {}
ariel/cloudbuild.yaml: {}
ariel/cloudbuild.yaml: Using EditorConfig core...
ariel/cloudbuild.yaml: {}
ariel/cloudbuild.yaml: {}
ariel/cloudbuild.yaml: {}
ariel/cloudbuild.yaml: {}
ariel/cloudbuild.yaml: Using EditorConfig core...
ariel/cloudbuild.yaml: {}
ariel/cloudbuild.yaml: Using EditorConfig core...
ariel/cloudbuild.yaml: {}
ariel/cloudbuild.yaml: {}
ariel/cloudbuild.yaml: {}
ariel/cloudbuild.yaml: {}
ariel/cloudbuild.yaml: {}
ariel/cloudbuild.yaml: {}
ariel/cloudbuild.yaml: Using EditorConfig core...
ariel/cloudbuild.yaml: {}
ariel/Dockerfile: {}
ariel/Dockerfile: {}
ariel/diff_cleaner.py: {}
ariel/diff_cleaner.py: Using EditorConfig core...
ariel/diff_cleaner.py: {}
ariel/diff_cleaner.py: {}
ariel/diff_cleaner.py: {}
ariel/diff_cleaner.py: {}
ariel/diff_cleaner.py: {}
ariel/diff_cleaner.py: {}
ariel/diff_cleaner.py: {}
ariel/diff_cleaner.py: {}
ariel/diff_cleaner.py: Using EditorConfig core...
ariel/diff_cleaner.py: {}
ariel/diff_cleaner.py: {}
ariel/diff_cleaner.py: {}
ariel/diff_cleaner.py: Using EditorConfig core...
ariel/diff_cleaner.py: {}
ariel/diff_cleaner.py: {}
ariel/diff_cleaner.py: {}
