Initializing document watcher...
Document watcher initialized
No more open editors.
ariel/main.py: {}
No more open editors.
No more open editors.
ariel/main.py: {}
ariel/cloudbuild.yaml: {}
ariel/main.py: {}
ariel/cloudbuild.yaml: {}
ariel/cloudbuild.yaml: {}
ariel/main.py: {}
ariel/cloudbuild.yaml: {}
ariel/main.py: {}
ariel/payload.json: {}
ariel/payload.json: {}
ariel/requirements.txt: {}
ariel/requirements.txt: Using EditorConfig core...
ariel/requirements.txt: {}
ariel/requirements.txt: {}
ariel/home/ariel/Dockerfile: {}
ariel/home/ariel/run.sh: {}
ariel/home/ariel/Dockerfile: {}
ariel/home/ariel/run.sh: {}
ariel/home/ariel/Dockerfile: {}
ariel/home/ariel/run.sh: {}
ariel/home/ariel/Dockerfile: {}
ariel/home/ariel/run.sh: {}
ariel/home/ariel/Dockerfile: {}
ariel/home/ariel/run.sh: {}
ariel/home/ariel/Dockerfile: {}
ariel/home/ariel/run.sh: {}
ariel/home/ariel/Dockerfile: {}
ariel/home/ariel/run.sh: {}
ariel/home/ariel/Dockerfile: {}
ariel/home/ariel/run.sh: {}
ariel/home/ariel/Dockerfile: {}
ariel/home/ariel/run.sh: {}
ariel/home/ariel/Dockerfile: {}
ariel/home/ariel/Dockerfile: {}
ariel/home/ariel/Dockerfile: {}
